2017/02/11 18:20:31 [error] [exception.CHttpException.404] CHttpException: Unable to resolve the request "index.php?r=api/register". in /var/www/yii_framework/framework/web/CWebApplication.php:286
Stack trace:
#0 /var/www/yii_framework/framework/web/CWebApplication.php(141): CWebApplication->runController('index.php?r=api...')
#1 /var/www/yii_framework/framework/base/CApplication.php(185): CWebApplication->processRequest()
#2 /var/www/mysite/index.php(13): CApplication->run()
#3 {main}
REQUEST_URI=/index.php?r=index.php?r=api/register
---
2017/02/11 18:21:05 [error] [exception.CHttpException.404] CHttpException: Unable to resolve the request "index.php?r=api/register". in /var/www/yii_framework/framework/web/CWebApplication.php:286
Stack trace:
#0 /var/www/yii_framework/framework/web/CWebApplication.php(141): CWebApplication->runController('index.php?r=api...')
#1 /var/www/yii_framework/framework/base/CApplication.php(185): CWebApplication->processRequest()
#2 /var/www/mysite/index.php(13): CApplication->run()
#3 {main}
REQUEST_URI=/index.php?r=index.php?r=api/register
---
2017/02/11 18:22:50 [error] [exception.CDbException] CDbException: CDbConnection failed to open the DB connection: could not find driver in /var/www/yii_framework/framework/db/CDbConnection.php:399
Stack trace:
#0 /var/www/yii_framework/framework/db/CDbConnection.php(347): CDbConnection->open()
#1 /var/www/yii_framework/framework/db/CDbConnection.php(325): CDbConnection->setActive(true)
#2 /var/www/yii_framework/framework/base/CModule.php(394): CDbConnection->init()
#3 /var/www/yii_framework/framework/base/CApplication.php(459): CModule->getComponent('db')
#4 /var/www/yii_framework/framework/db/ar/CActiveRecord.php(637): CApplication->getDb()
#5 /var/www/yii_framework/framework/db/ar/CActiveRecord.php(2386): CActiveRecord->getDbConnection()
#6 /var/www/yii_framework/framework/db/ar/CActiveRecord.php(411): CActiveRecordMetaData->__construct(Object(User))
#7 /var/www/yii_framework/framework/db/ar/CActiveRecord.php(79): CActiveRecord->getMetaData()
#8 /var/www/mysite/protected/controllers/ApiController.php(25): CActiveRecord->__construct()
#9 /var/www/yii_framework/framework/web/actions/CInlineAction.php(49): ApiController->actionRegister()
#10 /var/www/yii_framework/framework/web/CController.php(308): CInlineAction->runWithParams(Array)
#11 /var/www/yii_framework/framework/web/CController.php(286): CController->runAction(Object(CInlineAction))
#12 /var/www/yii_framework/framework/web/CController.php(265): CController->runActionWithFilters(Object(CInlineAction), Array)
#13 /var/www/yii_framework/framework/web/CWebApplication.php(282): CController->run('register')
#14 /var/www/yii_framework/framework/web/CWebApplication.php(141): CWebApplication->runController('api/register')
#15 /var/www/yii_framework/framework/base/CApplication.php(185): CWebApplication->processRequest()
#16 /var/www/mysite/index.php(13): CApplication->run()
#17 {main}
REQUEST_URI=/index.php?r=api/register
---
2017/02/11 18:22:58 [error] [exception.CDbException] CDbException: CDbConnection failed to open the DB connection: could not find driver in /var/www/yii_framework/framework/db/CDbConnection.php:399
Stack trace:
#0 /var/www/yii_framework/framework/db/CDbConnection.php(347): CDbConnection->open()
#1 /var/www/yii_framework/framework/db/CDbConnection.php(325): CDbConnection->setActive(true)
#2 /var/www/yii_framework/framework/base/CModule.php(394): CDbConnection->init()
#3 /var/www/yii_framework/framework/base/CApplication.php(459): CModule->getComponent('db')
#4 /var/www/yii_framework/framework/db/ar/CActiveRecord.php(637): CApplication->getDb()
#5 /var/www/yii_framework/framework/db/ar/CActiveRecord.php(2386): CActiveRecord->getDbConnection()
#6 /var/www/yii_framework/framework/db/ar/CActiveRecord.php(411): CActiveRecordMetaData->__construct(Object(User))
#7 /var/www/yii_framework/framework/db/ar/CActiveRecord.php(79): CActiveRecord->getMetaData()
#8 /var/www/mysite/protected/controllers/ApiController.php(25): CActiveRecord->__construct()
#9 /var/www/yii_framework/framework/web/actions/CInlineAction.php(49): ApiController->actionRegister()
#10 /var/www/yii_framework/framework/web/CController.php(308): CInlineAction->runWithParams(Array)
#11 /var/www/yii_framework/framework/web/CController.php(286): CController->runAction(Object(CInlineAction))
#12 /var/www/yii_framework/framework/web/CController.php(265): CController->runActionWithFilters(Object(CInlineAction), Array)
#13 /var/www/yii_framework/framework/web/CWebApplication.php(282): CController->run('register')
#14 /var/www/yii_framework/framework/web/CWebApplication.php(141): CWebApplication->runController('api/register')
#15 /var/www/yii_framework/framework/base/CApplication.php(185): CWebApplication->processRequest()
#16 /var/www/mysite/index.php(13): CApplication->run()
#17 {main}
REQUEST_URI=/index.php?r=api/register
---
2017/02/11 18:23:04 [error] [exception.CDbException] CDbException: CDbConnection failed to open the DB connection: could not find driver in /var/www/yii_framework/framework/db/CDbConnection.php:399
Stack trace:
#0 /var/www/yii_framework/framework/db/CDbConnection.php(347): CDbConnection->open()
#1 /var/www/yii_framework/framework/db/CDbConnection.php(325): CDbConnection->setActive(true)
#2 /var/www/yii_framework/framework/base/CModule.php(394): CDbConnection->init()
#3 /var/www/yii_framework/framework/base/CApplication.php(459): CModule->getComponent('db')
#4 /var/www/yii_framework/framework/db/ar/CActiveRecord.php(637): CApplication->getDb()
#5 /var/www/yii_framework/framework/db/ar/CActiveRecord.php(2386): CActiveRecord->getDbConnection()
#6 /var/www/yii_framework/framework/db/ar/CActiveRecord.php(411): CActiveRecordMetaData->__construct(Object(User))
#7 /var/www/yii_framework/framework/db/ar/CActiveRecord.php(79): CActiveRecord->getMetaData()
#8 /var/www/mysite/protected/controllers/ApiController.php(25): CActiveRecord->__construct()
#9 /var/www/yii_framework/framework/web/actions/CInlineAction.php(49): ApiController->actionRegister()
#10 /var/www/yii_framework/framework/web/CController.php(308): CInlineAction->runWithParams(Array)
#11 /var/www/yii_framework/framework/web/CController.php(286): CController->runAction(Object(CInlineAction))
#12 /var/www/yii_framework/framework/web/CController.php(265): CController->runActionWithFilters(Object(CInlineAction), Array)
#13 /var/www/yii_framework/framework/web/CWebApplication.php(282): CController->run('register')
#14 /var/www/yii_framework/framework/web/CWebApplication.php(141): CWebApplication->runController('api/register')
#15 /var/www/yii_framework/framework/base/CApplication.php(185): CWebApplication->processRequest()
#16 /var/www/mysite/index.php(13): CApplication->run()
#17 {main}
REQUEST_URI=/index.php?r=api/register
---
2017/02/11 18:23:22 [error] [exception.CDbException] CDbException: CDbConnection failed to open the DB connection: could not find driver in /var/www/yii_framework/framework/db/CDbConnection.php:399
Stack trace:
#0 /var/www/yii_framework/framework/db/CDbConnection.php(347): CDbConnection->open()
#1 /var/www/yii_framework/framework/db/CDbConnection.php(325): CDbConnection->setActive(true)
#2 /var/www/yii_framework/framework/base/CModule.php(394): CDbConnection->init()
#3 /var/www/yii_framework/framework/base/CApplication.php(459): CModule->getComponent('db')
#4 /var/www/yii_framework/framework/db/ar/CActiveRecord.php(637): CApplication->getDb()
#5 /var/www/yii_framework/framework/db/ar/CActiveRecord.php(2386): CActiveRecord->getDbConnection()
#6 /var/www/yii_framework/framework/db/ar/CActiveRecord.php(411): CActiveRecordMetaData->__construct(Object(User))
#7 /var/www/yii_framework/framework/db/ar/CActiveRecord.php(79): CActiveRecord->getMetaData()
#8 /var/www/mysite/protected/controllers/ApiController.php(25): CActiveRecord->__construct()
#9 /var/www/yii_framework/framework/web/actions/CInlineAction.php(49): ApiController->actionRegister()
#10 /var/www/yii_framework/framework/web/CController.php(308): CInlineAction->runWithParams(Array)
#11 /var/www/yii_framework/framework/web/CController.php(286): CController->runAction(Object(CInlineAction))
#12 /var/www/yii_framework/framework/web/CController.php(265): CController->runActionWithFilters(Object(CInlineAction), Array)
#13 /var/www/yii_framework/framework/web/CWebApplication.php(282): CController->run('register')
#14 /var/www/yii_framework/framework/web/CWebApplication.php(141): CWebApplication->runController('api/register')
#15 /var/www/yii_framework/framework/base/CApplication.php(185): CWebApplication->processRequest()
#16 /var/www/mysite/index.php(13): CApplication->run()
#17 {main}
REQUEST_URI=/index.php?r=api/register
---
2017/02/11 18:28:47 [error] [exception.CDbException] CDbException: CDbConnection failed to open the DB connection: could not find driver in /var/www/yii_framework/framework/db/CDbConnection.php:399
Stack trace:
#0 /var/www/yii_framework/framework/db/CDbConnection.php(347): CDbConnection->open()
#1 /var/www/yii_framework/framework/db/CDbConnection.php(325): CDbConnection->setActive(true)
#2 /var/www/yii_framework/framework/base/CModule.php(394): CDbConnection->init()
#3 /var/www/yii_framework/framework/base/CApplication.php(459): CModule->getComponent('db')
#4 /var/www/yii_framework/framework/db/ar/CActiveRecord.php(637): CApplication->getDb()
#5 /var/www/yii_framework/framework/db/ar/CActiveRecord.php(2386): CActiveRecord->getDbConnection()
#6 /var/www/yii_framework/framework/db/ar/CActiveRecord.php(411): CActiveRecordMetaData->__construct(Object(User))
#7 /var/www/yii_framework/framework/db/ar/CActiveRecord.php(79): CActiveRecord->getMetaData()
#8 /var/www/mysite/protected/controllers/SiteController.php(107): CActiveRecord->__construct()
#9 /var/www/yii_framework/framework/web/actions/CInlineAction.php(49): SiteController->actionRegister()
#10 /var/www/yii_framework/framework/web/CController.php(308): CInlineAction->runWithParams(Array)
#11 /var/www/yii_framework/framework/web/CController.php(286): CController->runAction(Object(CInlineAction))
#12 /var/www/yii_framework/framework/web/CController.php(265): CController->runActionWithFilters(Object(CInlineAction), Array)
#13 /var/www/yii_framework/framework/web/CWebApplication.php(282): CController->run('register')
#14 /var/www/yii_framework/framework/web/CWebApplication.php(141): CWebApplication->runController('site/register')
#15 /var/www/yii_framework/framework/base/CApplication.php(185): CWebApplication->processRequest()
#16 /var/www/mysite/index.php(13): CApplication->run()
#17 {main}
REQUEST_URI=/index.php?r=site/register
---
2017/02/11 18:28:49 [error] [exception.CDbException] CDbException: CDbConnection failed to open the DB connection: could not find driver in /var/www/yii_framework/framework/db/CDbConnection.php:399
Stack trace:
#0 /var/www/yii_framework/framework/db/CDbConnection.php(347): CDbConnection->open()
#1 /var/www/yii_framework/framework/db/CDbConnection.php(325): CDbConnection->setActive(true)
#2 /var/www/yii_framework/framework/base/CModule.php(394): CDbConnection->init()
#3 /var/www/yii_framework/framework/base/CApplication.php(459): CModule->getComponent('db')
#4 /var/www/yii_framework/framework/db/ar/CActiveRecord.php(637): CApplication->getDb()
#5 /var/www/yii_framework/framework/db/ar/CActiveRecord.php(2386): CActiveRecord->getDbConnection()
#6 /var/www/yii_framework/framework/db/ar/CActiveRecord.php(411): CActiveRecordMetaData->__construct(Object(User))
#7 /var/www/yii_framework/framework/db/ar/CActiveRecord.php(79): CActiveRecord->getMetaData()
#8 /var/www/mysite/protected/controllers/SiteController.php(107): CActiveRecord->__construct()
#9 /var/www/yii_framework/framework/web/actions/CInlineAction.php(49): SiteController->actionRegister()
#10 /var/www/yii_framework/framework/web/CController.php(308): CInlineAction->runWithParams(Array)
#11 /var/www/yii_framework/framework/web/CController.php(286): CController->runAction(Object(CInlineAction))
#12 /var/www/yii_framework/framework/web/CController.php(265): CController->runActionWithFilters(Object(CInlineAction), Array)
#13 /var/www/yii_framework/framework/web/CWebApplication.php(282): CController->run('register')
#14 /var/www/yii_framework/framework/web/CWebApplication.php(141): CWebApplication->runController('site/register')
#15 /var/www/yii_framework/framework/base/CApplication.php(185): CWebApplication->processRequest()
#16 /var/www/mysite/index.php(13): CApplication->run()
#17 {main}
REQUEST_URI=/index.php?r=site/register
---
2017/02/11 18:28:51 [error] [exception.CHttpException.404] CHttpException: The system is unable to find the requested action "register2". in /var/www/yii_framework/framework/web/CController.php:483
Stack trace:
#0 /var/www/yii_framework/framework/web/CController.php(270): CController->missingAction('register2')
#1 /var/www/yii_framework/framework/web/CWebApplication.php(282): CController->run('register2')
#2 /var/www/yii_framework/framework/web/CWebApplication.php(141): CWebApplication->runController('site/register2')
#3 /var/www/yii_framework/framework/base/CApplication.php(185): CWebApplication->processRequest()
#4 /var/www/mysite/index.php(13): CApplication->run()
#5 {main}
REQUEST_URI=/index.php?r=site/register2
---
2017/02/11 18:28:55 [error] [exception.CDbException] CDbException: CDbConnection failed to open the DB connection: could not find driver in /var/www/yii_framework/framework/db/CDbConnection.php:399
Stack trace:
#0 /var/www/yii_framework/framework/db/CDbConnection.php(347): CDbConnection->open()
#1 /var/www/yii_framework/framework/db/CDbConnection.php(325): CDbConnection->setActive(true)
#2 /var/www/yii_framework/framework/base/CModule.php(394): CDbConnection->init()
#3 /var/www/yii_framework/framework/base/CApplication.php(459): CModule->getComponent('db')
#4 /var/www/yii_framework/framework/db/ar/CActiveRecord.php(637): CApplication->getDb()
#5 /var/www/yii_framework/framework/db/ar/CActiveRecord.php(2386): CActiveRecord->getDbConnection()
#6 /var/www/yii_framework/framework/db/ar/CActiveRecord.php(411): CActiveRecordMetaData->__construct(Object(User))
#7 /var/www/yii_framework/framework/db/ar/CActiveRecord.php(79): CActiveRecord->getMetaData()
#8 /var/www/mysite/protected/controllers/SiteController.php(107): CActiveRecord->__construct()
#9 /var/www/yii_framework/framework/web/actions/CInlineAction.php(49): SiteController->actionRegister()
#10 /var/www/yii_framework/framework/web/CController.php(308): CInlineAction->runWithParams(Array)
#11 /var/www/yii_framework/framework/web/CController.php(286): CController->runAction(Object(CInlineAction))
#12 /var/www/yii_framework/framework/web/CController.php(265): CController->runActionWithFilters(Object(CInlineAction), Array)
#13 /var/www/yii_framework/framework/web/CWebApplication.php(282): CController->run('register')
#14 /var/www/yii_framework/framework/web/CWebApplication.php(141): CWebApplication->runController('site/register')
#15 /var/www/yii_framework/framework/base/CApplication.php(185): CWebApplication->processRequest()
#16 /var/www/mysite/index.php(13): CApplication->run()
#17 {main}
REQUEST_URI=/index.php?r=site/register
---
2017/02/11 18:31:06 [error] [exception.CDbException] CDbException: CDbConnection failed to open the DB connection: could not find driver in /var/www/yii_framework/framework/db/CDbConnection.php:399
Stack trace:
#0 /var/www/yii_framework/framework/db/CDbConnection.php(347): CDbConnection->open()
#1 /var/www/yii_framework/framework/db/CDbConnection.php(325): CDbConnection->setActive(true)
#2 /var/www/yii_framework/framework/base/CModule.php(394): CDbConnection->init()
#3 /var/www/yii_framework/framework/base/CApplication.php(459): CModule->getComponent('db')
#4 /var/www/yii_framework/framework/db/ar/CActiveRecord.php(637): CApplication->getDb()
#5 /var/www/yii_framework/framework/db/ar/CActiveRecord.php(2386): CActiveRecord->getDbConnection()
#6 /var/www/yii_framework/framework/db/ar/CActiveRecord.php(411): CActiveRecordMetaData->__construct(Object(User))
#7 /var/www/yii_framework/framework/db/ar/CActiveRecord.php(79): CActiveRecord->getMetaData()
#8 /var/www/mysite/protected/controllers/SiteController.php(106): CActiveRecord->__construct()
#9 /var/www/yii_framework/framework/web/actions/CInlineAction.php(49): SiteController->actionRegister()
#10 /var/www/yii_framework/framework/web/CController.php(308): CInlineAction->runWithParams(Array)
#11 /var/www/yii_framework/framework/web/CController.php(286): CController->runAction(Object(CInlineAction))
#12 /var/www/yii_framework/framework/web/CController.php(265): CController->runActionWithFilters(Object(CInlineAction), Array)
#13 /var/www/yii_framework/framework/web/CWebApplication.php(282): CController->run('register')
#14 /var/www/yii_framework/framework/web/CWebApplication.php(141): CWebApplication->runController('site/register')
#15 /var/www/yii_framework/framework/base/CApplication.php(185): CWebApplication->processRequest()
#16 /var/www/mysite/index.php(13): CApplication->run()
#17 {main}
REQUEST_URI=/index.php?r=site/register
---
2017/02/11 19:58:53 [error] [exception.CDbException] CDbException: CDbConnection failed to open the DB connection: SQLSTATE[HY000] [1045] Access denied for user 'root'@'localhost' (using password: NO) in /var/www/yii_framework/framework/db/CDbConnection.php:399
Stack trace:
#0 /var/www/yii_framework/framework/db/CDbConnection.php(347): CDbConnection->open()
#1 /var/www/yii_framework/framework/db/CDbConnection.php(325): CDbConnection->setActive(true)
#2 /var/www/yii_framework/framework/base/CModule.php(394): CDbConnection->init()
#3 /var/www/yii_framework/framework/base/CApplication.php(459): CModule->getComponent('db')
#4 /var/www/yii_framework/framework/db/ar/CActiveRecord.php(637): CApplication->getDb()
#5 /var/www/yii_framework/framework/db/ar/CActiveRecord.php(2386): CActiveRecord->getDbConnection()
#6 /var/www/yii_framework/framework/db/ar/CActiveRecord.php(411): CActiveRecordMetaData->__construct(Object(User))
#7 /var/www/yii_framework/framework/db/ar/CActiveRecord.php(79): CActiveRecord->getMetaData()
#8 /var/www/mysite/protected/controllers/ApiController.php(25): CActiveRecord->__construct()
#9 /var/www/yii_framework/framework/web/actions/CInlineAction.php(49): ApiController->actionRegister()
#10 /var/www/yii_framework/framework/web/CController.php(308): CInlineAction->runWithParams(Array)
#11 /var/www/yii_framework/framework/web/CController.php(286): CController->runAction(Object(CInlineAction))
#12 /var/www/yii_framework/framework/web/CController.php(265): CController->runActionWithFilters(Object(CInlineAction), Array)
#13 /var/www/yii_framework/framework/web/CWebApplication.php(282): CController->run('register')
#14 /var/www/yii_framework/framework/web/CWebApplication.php(141): CWebApplication->runController('api/register')
#15 /var/www/yii_framework/framework/base/CApplication.php(185): CWebApplication->processRequest()
#16 /var/www/mysite/index.php(13): CApplication->run()
#17 {main}
REQUEST_URI=/index.php?r=api/register
---
2017/02/11 21:37:59 [error] [exception.CDbException] SQLSTATE[HY000] [1045] Access denied for user 'root'@'localhost' (using password: NO)
2017/02/11 21:37:59 [error] [exception.CDbException] CDbException: CDbConnection failed to open the DB connection. in /var/www/yii_framework/framework/db/CDbConnection.php:405
Stack trace:
#0 /var/www/yii_framework/framework/db/CDbConnection.php(347): CDbConnection->open()
#1 /var/www/yii_framework/framework/db/CDbConnection.php(325): CDbConnection->setActive(true)
#2 /var/www/yii_framework/framework/base/CModule.php(394): CDbConnection->init()
#3 /var/www/yii_framework/framework/base/CApplication.php(459): CModule->getComponent('db')
#4 /var/www/yii_framework/framework/db/ar/CActiveRecord.php(637): CApplication->getDb()
#5 /var/www/yii_framework/framework/db/ar/CActiveRecord.php(2386): CActiveRecord->getDbConnection()
#6 /var/www/yii_framework/framework/db/ar/CActiveRecord.php(411): CActiveRecordMetaData->__construct(Object(User))
#7 /var/www/yii_framework/framework/db/ar/CActiveRecord.php(79): CActiveRecord->getMetaData()
#8 /var/www/mysite/protected/controllers/ApiController.php(25): CActiveRecord->__construct()
#9 /var/www/yii_framework/framework/web/actions/CInlineAction.php(49): ApiController->actionRegister()
#10 /var/www/yii_framework/framework/web/CController.php(308): CInlineAction->runWithParams(Array)
#11 /var/www/yii_framework/framework/web/CController.php(286): CController->runAction(Object(CInlineAction))
#12 /var/www/yii_framework/framework/web/CController.php(265): CController->runActionWithFilters(Object(CInlineAction), Array)
#13 /var/www/yii_framework/framework/web/CWebApplication.php(282): CController->run('register')
#14 /var/www/yii_framework/framework/web/CWebApplication.php(141): CWebApplication->runController('api/register')
#15 /var/www/yii_framework/framework/base/CApplication.php(185): CWebApplication->processRequest()
#16 /var/www/mysite/index.php(13): CApplication->run()
#17 {main}
REQUEST_URI=/index.php?r=api/register
---
2017/02/11 21:38:17 [error] [exception.CDbException] SQLSTATE[HY000] [1045] Access denied for user 'root'@'localhost' (using password: NO)
2017/02/11 21:38:17 [error] [exception.CDbException] CDbException: CDbConnection failed to open the DB connection. in /var/www/yii_framework/framework/db/CDbConnection.php:405
Stack trace:
#0 /var/www/yii_framework/framework/db/CDbConnection.php(347): CDbConnection->open()
#1 /var/www/yii_framework/framework/db/CDbConnection.php(325): CDbConnection->setActive(true)
#2 /var/www/yii_framework/framework/base/CModule.php(394): CDbConnection->init()
#3 /var/www/yii_framework/framework/base/CApplication.php(459): CModule->getComponent('db')
#4 /var/www/yii_framework/framework/db/ar/CActiveRecord.php(637): CApplication->getDb()
#5 /var/www/yii_framework/framework/db/ar/CActiveRecord.php(2386): CActiveRecord->getDbConnection()
#6 /var/www/yii_framework/framework/db/ar/CActiveRecord.php(411): CActiveRecordMetaData->__construct(Object(User))
#7 /var/www/yii_framework/framework/db/ar/CActiveRecord.php(79): CActiveRecord->getMetaData()
#8 /var/www/mysite/protected/controllers/ApiController.php(25): CActiveRecord->__construct()
#9 /var/www/yii_framework/framework/web/actions/CInlineAction.php(49): ApiController->actionRegister()
#10 /var/www/yii_framework/framework/web/CController.php(308): CInlineAction->runWithParams(Array)
#11 /var/www/yii_framework/framework/web/CController.php(286): CController->runAction(Object(CInlineAction))
#12 /var/www/yii_framework/framework/web/CController.php(265): CController->runActionWithFilters(Object(CInlineAction), Array)
#13 /var/www/yii_framework/framework/web/CWebApplication.php(282): CController->run('register')
#14 /var/www/yii_framework/framework/web/CWebApplication.php(141): CWebApplication->runController('api/register')
#15 /var/www/yii_framework/framework/base/CApplication.php(185): CWebApplication->processRequest()
#16 /var/www/mysite/index.php(13): CApplication->run()
#17 {main}
REQUEST_URI=/index.php?r=api/register
---
2017/02/11 21:40:40 [error] [exception.CDbException] SQLSTATE[HY000] [1045] Access denied for user 'root'@'localhost' (using password: NO)
2017/02/11 21:40:40 [error] [exception.CDbException] CDbException: CDbConnection failed to open the DB connection. in /var/www/yii_framework/framework/db/CDbConnection.php:405
Stack trace:
#0 /var/www/yii_framework/framework/db/CDbConnection.php(347): CDbConnection->open()
#1 /var/www/yii_framework/framework/db/CDbConnection.php(325): CDbConnection->setActive(true)
#2 /var/www/yii_framework/framework/base/CModule.php(394): CDbConnection->init()
#3 /var/www/yii_framework/framework/base/CApplication.php(459): CModule->getComponent('db')
#4 /var/www/yii_framework/framework/db/ar/CActiveRecord.php(637): CApplication->getDb()
#5 /var/www/yii_framework/framework/db/ar/CActiveRecord.php(2386): CActiveRecord->getDbConnection()
#6 /var/www/yii_framework/framework/db/ar/CActiveRecord.php(411): CActiveRecordMetaData->__construct(Object(User))
#7 /var/www/yii_framework/framework/db/ar/CActiveRecord.php(79): CActiveRecord->getMetaData()
#8 /var/www/mysite/protected/controllers/ApiController.php(25): CActiveRecord->__construct()
#9 /var/www/yii_framework/framework/web/actions/CInlineAction.php(49): ApiController->actionRegister()
#10 /var/www/yii_framework/framework/web/CController.php(308): CInlineAction->runWithParams(Array)
#11 /var/www/yii_framework/framework/web/CController.php(286): CController->runAction(Object(CInlineAction))
#12 /var/www/yii_framework/framework/web/CController.php(265): CController->runActionWithFilters(Object(CInlineAction), Array)
#13 /var/www/yii_framework/framework/web/CWebApplication.php(282): CController->run('register')
#14 /var/www/yii_framework/framework/web/CWebApplication.php(141): CWebApplication->runController('api/register')
#15 /var/www/yii_framework/framework/base/CApplication.php(185): CWebApplication->processRequest()
#16 /var/www/mysite/index.php(13): CApplication->run()
#17 {main}
REQUEST_URI=/index.php?r=api/register
---
2017/02/11 21:41:09 [error] [exception.CDbException] SQLSTATE[HY000] [1045] Access denied for user 'root'@'localhost' (using password: NO)
2017/02/11 21:41:09 [error] [exception.CDbException] CDbException: CDbConnection failed to open the DB connection. in /var/www/yii_framework/framework/db/CDbConnection.php:405
Stack trace:
#0 /var/www/yii_framework/framework/db/CDbConnection.php(347): CDbConnection->open()
#1 /var/www/yii_framework/framework/db/CDbConnection.php(325): CDbConnection->setActive(true)
#2 /var/www/yii_framework/framework/base/CModule.php(394): CDbConnection->init()
#3 /var/www/yii_framework/framework/base/CApplication.php(459): CModule->getComponent('db')
#4 /var/www/yii_framework/framework/db/ar/CActiveRecord.php(637): CApplication->getDb()
#5 /var/www/yii_framework/framework/db/ar/CActiveRecord.php(2386): CActiveRecord->getDbConnection()
#6 /var/www/yii_framework/framework/db/ar/CActiveRecord.php(411): CActiveRecordMetaData->__construct(Object(User))
#7 /var/www/yii_framework/framework/db/ar/CActiveRecord.php(79): CActiveRecord->getMetaData()
#8 /var/www/mysite/protected/controllers/SiteController.php(106): CActiveRecord->__construct()
#9 /var/www/yii_framework/framework/web/actions/CInlineAction.php(49): SiteController->actionRegister()
#10 /var/www/yii_framework/framework/web/CController.php(308): CInlineAction->runWithParams(Array)
#11 /var/www/yii_framework/framework/web/CController.php(286): CController->runAction(Object(CInlineAction))
#12 /var/www/yii_framework/framework/web/CController.php(265): CController->runActionWithFilters(Object(CInlineAction), Array)
#13 /var/www/yii_framework/framework/web/CWebApplication.php(282): CController->run('register')
#14 /var/www/yii_framework/framework/web/CWebApplication.php(141): CWebApplication->runController('site/register')
#15 /var/www/yii_framework/framework/base/CApplication.php(185): CWebApplication->processRequest()
#16 /var/www/mysite/index.php(13): CApplication->run()
#17 {main}
REQUEST_URI=/index.php?r=site/register
---
2017/02/11 21:42:37 [error] [exception.CDbException] SQLSTATE[HY000] [1045] Access denied for user 'root'@'localhost' (using password: NO)
2017/02/11 21:42:37 [error] [exception.CDbException] CDbException: CDbConnection failed to open the DB connection. in /var/www/yii_framework/framework/db/CDbConnection.php:405
Stack trace:
#0 /var/www/yii_framework/framework/db/CDbConnection.php(347): CDbConnection->open()
#1 /var/www/yii_framework/framework/db/CDbConnection.php(325): CDbConnection->setActive(true)
#2 /var/www/yii_framework/framework/base/CModule.php(394): CDbConnection->init()
#3 /var/www/yii_framework/framework/base/CApplication.php(459): CModule->getComponent('db')
#4 /var/www/yii_framework/framework/db/ar/CActiveRecord.php(637): CApplication->getDb()
#5 /var/www/yii_framework/framework/db/ar/CActiveRecord.php(2386): CActiveRecord->getDbConnection()
#6 /var/www/yii_framework/framework/db/ar/CActiveRecord.php(411): CActiveRecordMetaData->__construct(Object(User))
#7 /var/www/yii_framework/framework/db/ar/CActiveRecord.php(79): CActiveRecord->getMetaData()
#8 /var/www/mysite/protected/controllers/SiteController.php(106): CActiveRecord->__construct()
#9 /var/www/yii_framework/framework/web/actions/CInlineAction.php(49): SiteController->actionRegister()
#10 /var/www/yii_framework/framework/web/CController.php(308): CInlineAction->runWithParams(Array)
#11 /var/www/yii_framework/framework/web/CController.php(286): CController->runAction(Object(CInlineAction))
#12 /var/www/yii_framework/framework/web/CController.php(265): CController->runActionWithFilters(Object(CInlineAction), Array)
#13 /var/www/yii_framework/framework/web/CWebApplication.php(282): CController->run('register')
#14 /var/www/yii_framework/framework/web/CWebApplication.php(141): CWebApplication->runController('site/register')
#15 /var/www/yii_framework/framework/base/CApplication.php(185): CWebApplication->processRequest()
#16 /var/www/mysite/index.php(13): CApplication->run()
#17 {main}
REQUEST_URI=/index.php?r=site/register
---
2017/02/11 21:42:40 [error] [exception.CDbException] SQLSTATE[HY000] [1045] Access denied for user 'root'@'localhost' (using password: NO)
2017/02/11 21:42:40 [error] [exception.CDbException] CDbException: CDbConnection failed to open the DB connection. in /var/www/yii_framework/framework/db/CDbConnection.php:405
Stack trace:
#0 /var/www/yii_framework/framework/db/CDbConnection.php(347): CDbConnection->open()
#1 /var/www/yii_framework/framework/db/CDbConnection.php(325): CDbConnection->setActive(true)
#2 /var/www/yii_framework/framework/base/CModule.php(394): CDbConnection->init()
#3 /var/www/yii_framework/framework/base/CApplication.php(459): CModule->getComponent('db')
#4 /var/www/yii_framework/framework/db/ar/CActiveRecord.php(637): CApplication->getDb()
#5 /var/www/yii_framework/framework/db/ar/CActiveRecord.php(2386): CActiveRecord->getDbConnection()
#6 /var/www/yii_framework/framework/db/ar/CActiveRecord.php(411): CActiveRecordMetaData->__construct(Object(User))
#7 /var/www/yii_framework/framework/db/ar/CActiveRecord.php(79): CActiveRecord->getMetaData()
#8 /var/www/mysite/protected/controllers/SiteController.php(106): CActiveRecord->__construct()
#9 /var/www/yii_framework/framework/web/actions/CInlineAction.php(49): SiteController->actionRegister()
#10 /var/www/yii_framework/framework/web/CController.php(308): CInlineAction->runWithParams(Array)
#11 /var/www/yii_framework/framework/web/CController.php(286): CController->runAction(Object(CInlineAction))
#12 /var/www/yii_framework/framework/web/CController.php(265): CController->runActionWithFilters(Object(CInlineAction), Array)
#13 /var/www/yii_framework/framework/web/CWebApplication.php(282): CController->run('register')
#14 /var/www/yii_framework/framework/web/CWebApplication.php(141): CWebApplication->runController('site/register')
#15 /var/www/yii_framework/framework/base/CApplication.php(185): CWebApplication->processRequest()
#16 /var/www/mysite/index.php(13): CApplication->run()
#17 {main}
REQUEST_URI=/index.php?r=site/register
---
2017/02/11 21:45:11 [error] [exception.CDbException] SQLSTATE[HY000] [1045] Access denied for user 'root'@'localhost' (using password: NO)
2017/02/11 21:45:11 [error] [exception.CDbException] CDbException: CDbConnection failed to open the DB connection. in /var/www/yii_framework/framework/db/CDbConnection.php:405
Stack trace:
#0 /var/www/yii_framework/framework/db/CDbConnection.php(347): CDbConnection->open()
#1 /var/www/yii_framework/framework/db/CDbConnection.php(325): CDbConnection->setActive(true)
#2 /var/www/yii_framework/framework/base/CModule.php(394): CDbConnection->init()
#3 /var/www/yii_framework/framework/base/CApplication.php(459): CModule->getComponent('db')
#4 /var/www/yii_framework/framework/db/ar/CActiveRecord.php(637): CApplication->getDb()
#5 /var/www/yii_framework/framework/db/ar/CActiveRecord.php(2386): CActiveRecord->getDbConnection()
#6 /var/www/yii_framework/framework/db/ar/CActiveRecord.php(411): CActiveRecordMetaData->__construct(Object(User))
#7 /var/www/yii_framework/framework/db/ar/CActiveRecord.php(79): CActiveRecord->getMetaData()
#8 /var/www/mysite/protected/controllers/SiteController.php(106): CActiveRecord->__construct()
#9 /var/www/yii_framework/framework/web/actions/CInlineAction.php(49): SiteController->actionRegister()
#10 /var/www/yii_framework/framework/web/CController.php(308): CInlineAction->runWithParams(Array)
#11 /var/www/yii_framework/framework/web/CController.php(286): CController->runAction(Object(CInlineAction))
#12 /var/www/yii_framework/framework/web/CController.php(265): CController->runActionWithFilters(Object(CInlineAction), Array)
#13 /var/www/yii_framework/framework/web/CWebApplication.php(282): CController->run('register')
#14 /var/www/yii_framework/framework/web/CWebApplication.php(141): CWebApplication->runController('site/register')
#15 /var/www/yii_framework/framework/base/CApplication.php(185): CWebApplication->processRequest()
#16 /var/www/mysite/index.php(13): CApplication->run()
#17 {main}
REQUEST_URI=/index.php?r=site/register
---
2017/02/11 21:45:14 [error] [exception.CDbException] SQLSTATE[HY000] [1045] Access denied for user 'root'@'localhost' (using password: NO)
2017/02/11 21:45:14 [error] [exception.CDbException] CDbException: CDbConnection failed to open the DB connection. in /var/www/yii_framework/framework/db/CDbConnection.php:405
Stack trace:
#0 /var/www/yii_framework/framework/db/CDbConnection.php(347): CDbConnection->open()
#1 /var/www/yii_framework/framework/db/CDbConnection.php(325): CDbConnection->setActive(true)
#2 /var/www/yii_framework/framework/base/CModule.php(394): CDbConnection->init()
#3 /var/www/yii_framework/framework/base/CApplication.php(459): CModule->getComponent('db')
#4 /var/www/yii_framework/framework/db/ar/CActiveRecord.php(637): CApplication->getDb()
#5 /var/www/yii_framework/framework/db/ar/CActiveRecord.php(2386): CActiveRecord->getDbConnection()
#6 /var/www/yii_framework/framework/db/ar/CActiveRecord.php(411): CActiveRecordMetaData->__construct(Object(User))
#7 /var/www/yii_framework/framework/db/ar/CActiveRecord.php(79): CActiveRecord->getMetaData()
#8 /var/www/mysite/protected/controllers/SiteController.php(106): CActiveRecord->__construct()
#9 /var/www/yii_framework/framework/web/actions/CInlineAction.php(49): SiteController->actionRegister()
#10 /var/www/yii_framework/framework/web/CController.php(308): CInlineAction->runWithParams(Array)
#11 /var/www/yii_framework/framework/web/CController.php(286): CController->runAction(Object(CInlineAction))
#12 /var/www/yii_framework/framework/web/CController.php(265): CController->runActionWithFilters(Object(CInlineAction), Array)
#13 /var/www/yii_framework/framework/web/CWebApplication.php(282): CController->run('register')
#14 /var/www/yii_framework/framework/web/CWebApplication.php(141): CWebApplication->runController('site/register')
#15 /var/www/yii_framework/framework/base/CApplication.php(185): CWebApplication->processRequest()
#16 /var/www/mysite/index.php(13): CApplication->run()
#17 {main}
REQUEST_URI=/index.php?r=site/register
---
2017/02/11 21:45:15 [error] [exception.CDbException] SQLSTATE[HY000] [1045] Access denied for user 'root'@'localhost' (using password: NO)
2017/02/11 21:45:15 [error] [exception.CDbException] CDbException: CDbConnection failed to open the DB connection. in /var/www/yii_framework/framework/db/CDbConnection.php:405
Stack trace:
#0 /var/www/yii_framework/framework/db/CDbConnection.php(347): CDbConnection->open()
#1 /var/www/yii_framework/framework/db/CDbConnection.php(325): CDbConnection->setActive(true)
#2 /var/www/yii_framework/framework/base/CModule.php(394): CDbConnection->init()
#3 /var/www/yii_framework/framework/base/CApplication.php(459): CModule->getComponent('db')
#4 /var/www/yii_framework/framework/db/ar/CActiveRecord.php(637): CApplication->getDb()
#5 /var/www/yii_framework/framework/db/ar/CActiveRecord.php(2386): CActiveRecord->getDbConnection()
#6 /var/www/yii_framework/framework/db/ar/CActiveRecord.php(411): CActiveRecordMetaData->__construct(Object(User))
#7 /var/www/yii_framework/framework/db/ar/CActiveRecord.php(79): CActiveRecord->getMetaData()
#8 /var/www/mysite/protected/controllers/SiteController.php(106): CActiveRecord->__construct()
#9 /var/www/yii_framework/framework/web/actions/CInlineAction.php(49): SiteController->actionRegister()
#10 /var/www/yii_framework/framework/web/CController.php(308): CInlineAction->runWithParams(Array)
#11 /var/www/yii_framework/framework/web/CController.php(286): CController->runAction(Object(CInlineAction))
#12 /var/www/yii_framework/framework/web/CController.php(265): CController->runActionWithFilters(Object(CInlineAction), Array)
#13 /var/www/yii_framework/framework/web/CWebApplication.php(282): CController->run('register')
#14 /var/www/yii_framework/framework/web/CWebApplication.php(141): CWebApplication->runController('site/register')
#15 /var/www/yii_framework/framework/base/CApplication.php(185): CWebApplication->processRequest()
#16 /var/www/mysite/index.php(13): CApplication->run()
#17 {main}
REQUEST_URI=/index.php?r=site/register
---
2017/02/11 21:45:17 [error] [exception.CDbException] SQLSTATE[HY000] [1045] Access denied for user 'root'@'localhost' (using password: NO)
2017/02/11 21:45:17 [error] [exception.CDbException] CDbException: CDbConnection failed to open the DB connection. in /var/www/yii_framework/framework/db/CDbConnection.php:405
Stack trace:
#0 /var/www/yii_framework/framework/db/CDbConnection.php(347): CDbConnection->open()
#1 /var/www/yii_framework/framework/db/CDbConnection.php(325): CDbConnection->setActive(true)
#2 /var/www/yii_framework/framework/base/CModule.php(394): CDbConnection->init()
#3 /var/www/yii_framework/framework/base/CApplication.php(459): CModule->getComponent('db')
#4 /var/www/yii_framework/framework/db/ar/CActiveRecord.php(637): CApplication->getDb()
#5 /var/www/yii_framework/framework/db/ar/CActiveRecord.php(2386): CActiveRecord->getDbConnection()
#6 /var/www/yii_framework/framework/db/ar/CActiveRecord.php(411): CActiveRecordMetaData->__construct(Object(User))
#7 /var/www/yii_framework/framework/db/ar/CActiveRecord.php(79): CActiveRecord->getMetaData()
#8 /var/www/mysite/protected/controllers/SiteController.php(106): CActiveRecord->__construct()
#9 /var/www/yii_framework/framework/web/actions/CInlineAction.php(49): SiteController->actionRegister()
#10 /var/www/yii_framework/framework/web/CController.php(308): CInlineAction->runWithParams(Array)
#11 /var/www/yii_framework/framework/web/CController.php(286): CController->runAction(Object(CInlineAction))
#12 /var/www/yii_framework/framework/web/CController.php(265): CController->runActionWithFilters(Object(CInlineAction), Array)
#13 /var/www/yii_framework/framework/web/CWebApplication.php(282): CController->run('register')
#14 /var/www/yii_framework/framework/web/CWebApplication.php(141): CWebApplication->runController('site/register')
#15 /var/www/yii_framework/framework/base/CApplication.php(185): CWebApplication->processRequest()
#16 /var/www/mysite/index.php(13): CApplication->run()
#17 {main}
REQUEST_URI=/index.php?r=site/register
---
2017/02/11 21:45:49 [error] [exception.CDbException] SQLSTATE[HY000] [1045] Access denied for user 'root'@'localhost' (using password: NO)
2017/02/11 21:45:49 [error] [exception.CDbException] CDbException: CDbConnection failed to open the DB connection. in /var/www/yii_framework/framework/db/CDbConnection.php:405
Stack trace:
#0 /var/www/yii_framework/framework/db/CDbConnection.php(347): CDbConnection->open()
#1 /var/www/yii_framework/framework/db/CDbConnection.php(325): CDbConnection->setActive(true)
#2 /var/www/yii_framework/framework/base/CModule.php(394): CDbConnection->init()
#3 /var/www/yii_framework/framework/base/CApplication.php(459): CModule->getComponent('db')
#4 /var/www/yii_framework/framework/db/ar/CActiveRecord.php(637): CApplication->getDb()
#5 /var/www/yii_framework/framework/db/ar/CActiveRecord.php(2386): CActiveRecord->getDbConnection()
#6 /var/www/yii_framework/framework/db/ar/CActiveRecord.php(411): CActiveRecordMetaData->__construct(Object(User))
#7 /var/www/yii_framework/framework/db/ar/CActiveRecord.php(79): CActiveRecord->getMetaData()
#8 /var/www/mysite/protected/controllers/SiteController.php(106): CActiveRecord->__construct()
#9 /var/www/yii_framework/framework/web/actions/CInlineAction.php(49): SiteController->actionRegister()
#10 /var/www/yii_framework/framework/web/CController.php(308): CInlineAction->runWithParams(Array)
#11 /var/www/yii_framework/framework/web/CController.php(286): CController->runAction(Object(CInlineAction))
#12 /var/www/yii_framework/framework/web/CController.php(265): CController->runActionWithFilters(Object(CInlineAction), Array)
#13 /var/www/yii_framework/framework/web/CWebApplication.php(282): CController->run('register')
#14 /var/www/yii_framework/framework/web/CWebApplication.php(141): CWebApplication->runController('site/register')
#15 /var/www/yii_framework/framework/base/CApplication.php(185): CWebApplication->processRequest()
#16 /var/www/mysite/index.php(13): CApplication->run()
#17 {main}
REQUEST_URI=/index.php?r=site/register
---
2017/02/11 21:46:14 [error] [exception.CDbException] SQLSTATE[HY000] [1045] Access denied for user 'root'@'localhost' (using password: NO)
2017/02/11 21:46:14 [error] [exception.CDbException] CDbException: CDbConnection failed to open the DB connection. in /var/www/yii_framework/framework/db/CDbConnection.php:405
Stack trace:
#0 /var/www/yii_framework/framework/db/CDbConnection.php(347): CDbConnection->open()
#1 /var/www/yii_framework/framework/db/CDbConnection.php(325): CDbConnection->setActive(true)
#2 /var/www/yii_framework/framework/base/CModule.php(394): CDbConnection->init()
#3 /var/www/yii_framework/framework/base/CApplication.php(459): CModule->getComponent('db')
#4 /var/www/yii_framework/framework/db/ar/CActiveRecord.php(637): CApplication->getDb()
#5 /var/www/yii_framework/framework/db/ar/CActiveRecord.php(2386): CActiveRecord->getDbConnection()
#6 /var/www/yii_framework/framework/db/ar/CActiveRecord.php(411): CActiveRecordMetaData->__construct(Object(User))
#7 /var/www/yii_framework/framework/db/ar/CActiveRecord.php(79): CActiveRecord->getMetaData()
#8 /var/www/mysite/protected/controllers/SiteController.php(106): CActiveRecord->__construct()
#9 /var/www/yii_framework/framework/web/actions/CInlineAction.php(49): SiteController->actionRegister()
#10 /var/www/yii_framework/framework/web/CController.php(308): CInlineAction->runWithParams(Array)
#11 /var/www/yii_framework/framework/web/CController.php(286): CController->runAction(Object(CInlineAction))
#12 /var/www/yii_framework/framework/web/CController.php(265): CController->runActionWithFilters(Object(CInlineAction), Array)
#13 /var/www/yii_framework/framework/web/CWebApplication.php(282): CController->run('register')
#14 /var/www/yii_framework/framework/web/CWebApplication.php(141): CWebApplication->runController('site/register')
#15 /var/www/yii_framework/framework/base/CApplication.php(185): CWebApplication->processRequest()
#16 /var/www/mysite/index.php(13): CApplication->run()
#17 {main}
REQUEST_URI=/index.php?r=site/register
---
2017/02/11 21:46:15 [error] [exception.CDbException] SQLSTATE[HY000] [1045] Access denied for user 'root'@'localhost' (using password: NO)
2017/02/11 21:46:15 [error] [exception.CDbException] CDbException: CDbConnection failed to open the DB connection. in /var/www/yii_framework/framework/db/CDbConnection.php:405
Stack trace:
#0 /var/www/yii_framework/framework/db/CDbConnection.php(347): CDbConnection->open()
#1 /var/www/yii_framework/framework/db/CDbConnection.php(325): CDbConnection->setActive(true)
#2 /var/www/yii_framework/framework/base/CModule.php(394): CDbConnection->init()
#3 /var/www/yii_framework/framework/base/CApplication.php(459): CModule->getComponent('db')
#4 /var/www/yii_framework/framework/db/ar/CActiveRecord.php(637): CApplication->getDb()
#5 /var/www/yii_framework/framework/db/ar/CActiveRecord.php(2386): CActiveRecord->getDbConnection()
#6 /var/www/yii_framework/framework/db/ar/CActiveRecord.php(411): CActiveRecordMetaData->__construct(Object(User))
#7 /var/www/yii_framework/framework/db/ar/CActiveRecord.php(79): CActiveRecord->getMetaData()
#8 /var/www/mysite/protected/controllers/SiteController.php(106): CActiveRecord->__construct()
#9 /var/www/yii_framework/framework/web/actions/CInlineAction.php(49): SiteController->actionRegister()
#10 /var/www/yii_framework/framework/web/CController.php(308): CInlineAction->runWithParams(Array)
#11 /var/www/yii_framework/framework/web/CController.php(286): CController->runAction(Object(CInlineAction))
#12 /var/www/yii_framework/framework/web/CController.php(265): CController->runActionWithFilters(Object(CInlineAction), Array)
#13 /var/www/yii_framework/framework/web/CWebApplication.php(282): CController->run('register')
#14 /var/www/yii_framework/framework/web/CWebApplication.php(141): CWebApplication->runController('site/register')
#15 /var/www/yii_framework/framework/base/CApplication.php(185): CWebApplication->processRequest()
#16 /var/www/mysite/index.php(13): CApplication->run()
#17 {main}
REQUEST_URI=/index.php?r=site/register
---
2017/02/11 21:47:08 [error] [exception.CDbException] SQLSTATE[HY000] [1045] Access denied for user 'root'@'localhost' (using password: NO)
2017/02/11 21:47:08 [error] [exception.CDbException] CDbException: CDbConnection failed to open the DB connection. in /var/www/yii_framework/framework/db/CDbConnection.php:405
Stack trace:
#0 /var/www/yii_framework/framework/db/CDbConnection.php(347): CDbConnection->open()
#1 /var/www/yii_framework/framework/db/CDbConnection.php(325): CDbConnection->setActive(true)
#2 /var/www/yii_framework/framework/base/CModule.php(394): CDbConnection->init()
#3 /var/www/yii_framework/framework/base/CApplication.php(459): CModule->getComponent('db')
#4 /var/www/yii_framework/framework/db/ar/CActiveRecord.php(637): CApplication->getDb()
#5 /var/www/yii_framework/framework/db/ar/CActiveRecord.php(2386): CActiveRecord->getDbConnection()
#6 /var/www/yii_framework/framework/db/ar/CActiveRecord.php(411): CActiveRecordMetaData->__construct(Object(User))
#7 /var/www/yii_framework/framework/db/ar/CActiveRecord.php(79): CActiveRecord->getMetaData()
#8 /var/www/mysite/protected/controllers/SiteController.php(106): CActiveRecord->__construct()
#9 /var/www/yii_framework/framework/web/actions/CInlineAction.php(49): SiteController->actionRegister()
#10 /var/www/yii_framework/framework/web/CController.php(308): CInlineAction->runWithParams(Array)
#11 /var/www/yii_framework/framework/web/CController.php(286): CController->runAction(Object(CInlineAction))
#12 /var/www/yii_framework/framework/web/CController.php(265): CController->runActionWithFilters(Object(CInlineAction), Array)
#13 /var/www/yii_framework/framework/web/CWebApplication.php(282): CController->run('register')
#14 /var/www/yii_framework/framework/web/CWebApplication.php(141): CWebApplication->runController('site/register')
#15 /var/www/yii_framework/framework/base/CApplication.php(185): CWebApplication->processRequest()
#16 /var/www/mysite/index.php(13): CApplication->run()
#17 {main}
REQUEST_URI=/index.php?r=site/register
---
2017/02/11 21:47:10 [error] [exception.CDbException] SQLSTATE[HY000] [1045] Access denied for user 'root'@'localhost' (using password: NO)
2017/02/11 21:47:10 [error] [exception.CDbException] CDbException: CDbConnection failed to open the DB connection. in /var/www/yii_framework/framework/db/CDbConnection.php:405
Stack trace:
#0 /var/www/yii_framework/framework/db/CDbConnection.php(347): CDbConnection->open()
#1 /var/www/yii_framework/framework/db/CDbConnection.php(325): CDbConnection->setActive(true)
#2 /var/www/yii_framework/framework/base/CModule.php(394): CDbConnection->init()
#3 /var/www/yii_framework/framework/base/CApplication.php(459): CModule->getComponent('db')
#4 /var/www/yii_framework/framework/db/ar/CActiveRecord.php(637): CApplication->getDb()
#5 /var/www/yii_framework/framework/db/ar/CActiveRecord.php(2386): CActiveRecord->getDbConnection()
#6 /var/www/yii_framework/framework/db/ar/CActiveRecord.php(411): CActiveRecordMetaData->__construct(Object(User))
#7 /var/www/yii_framework/framework/db/ar/CActiveRecord.php(79): CActiveRecord->getMetaData()
#8 /var/www/mysite/protected/controllers/SiteController.php(106): CActiveRecord->__construct()
#9 /var/www/yii_framework/framework/web/actions/CInlineAction.php(49): SiteController->actionRegister()
#10 /var/www/yii_framework/framework/web/CController.php(308): CInlineAction->runWithParams(Array)
#11 /var/www/yii_framework/framework/web/CController.php(286): CController->runAction(Object(CInlineAction))
#12 /var/www/yii_framework/framework/web/CController.php(265): CController->runActionWithFilters(Object(CInlineAction), Array)
#13 /var/www/yii_framework/framework/web/CWebApplication.php(282): CController->run('register')
#14 /var/www/yii_framework/framework/web/CWebApplication.php(141): CWebApplication->runController('site/register')
#15 /var/www/yii_framework/framework/base/CApplication.php(185): CWebApplication->processRequest()
#16 /var/www/mysite/index.php(13): CApplication->run()
#17 {main}
REQUEST_URI=/index.php?r=site/register
---
2017/02/11 21:47:51 [error] [exception.CDbException] SQLSTATE[HY000] [1045] Access denied for user 'root'@'localhost' (using password: NO)
2017/02/11 21:47:51 [error] [exception.CDbException] CDbException: CDbConnection failed to open the DB connection. in /var/www/yii_framework/framework/db/CDbConnection.php:405
Stack trace:
#0 /var/www/yii_framework/framework/db/CDbConnection.php(347): CDbConnection->open()
#1 /var/www/yii_framework/framework/db/CDbConnection.php(325): CDbConnection->setActive(true)
#2 /var/www/yii_framework/framework/base/CModule.php(394): CDbConnection->init()
#3 /var/www/yii_framework/framework/base/CApplication.php(459): CModule->getComponent('db')
#4 /var/www/yii_framework/framework/db/ar/CActiveRecord.php(637): CApplication->getDb()
#5 /var/www/yii_framework/framework/db/ar/CActiveRecord.php(2386): CActiveRecord->getDbConnection()
#6 /var/www/yii_framework/framework/db/ar/CActiveRecord.php(411): CActiveRecordMetaData->__construct(Object(User))
#7 /var/www/yii_framework/framework/db/ar/CActiveRecord.php(79): CActiveRecord->getMetaData()
#8 /var/www/mysite/protected/controllers/SiteController.php(106): CActiveRecord->__construct()
#9 /var/www/yii_framework/framework/web/actions/CInlineAction.php(49): SiteController->actionRegister()
#10 /var/www/yii_framework/framework/web/CController.php(308): CInlineAction->runWithParams(Array)
#11 /var/www/yii_framework/framework/web/CController.php(286): CController->runAction(Object(CInlineAction))
#12 /var/www/yii_framework/framework/web/CController.php(265): CController->runActionWithFilters(Object(CInlineAction), Array)
#13 /var/www/yii_framework/framework/web/CWebApplication.php(282): CController->run('register')
#14 /var/www/yii_framework/framework/web/CWebApplication.php(141): CWebApplication->runController('site/register')
#15 /var/www/yii_framework/framework/base/CApplication.php(185): CWebApplication->processRequest()
#16 /var/www/mysite/index.php(13): CApplication->run()
#17 {main}
REQUEST_URI=/index.php?r=site/register
---
2017/02/11 21:48:29 [error] [exception.CDbException] SQLSTATE[HY000] [1045] Access denied for user 'root'@'localhost' (using password: NO)
2017/02/11 21:48:29 [error] [exception.CDbException] CDbException: CDbConnection failed to open the DB connection. in /var/www/yii_framework/framework/db/CDbConnection.php:405
Stack trace:
#0 /var/www/yii_framework/framework/db/CDbConnection.php(347): CDbConnection->open()
#1 /var/www/yii_framework/framework/db/CDbConnection.php(325): CDbConnection->setActive(true)
#2 /var/www/yii_framework/framework/base/CModule.php(394): CDbConnection->init()
#3 /var/www/yii_framework/framework/base/CApplication.php(459): CModule->getComponent('db')
#4 /var/www/yii_framework/framework/db/ar/CActiveRecord.php(637): CApplication->getDb()
#5 /var/www/yii_framework/framework/db/ar/CActiveRecord.php(2386): CActiveRecord->getDbConnection()
#6 /var/www/yii_framework/framework/db/ar/CActiveRecord.php(411): CActiveRecordMetaData->__construct(Object(User))
#7 /var/www/yii_framework/framework/db/ar/CActiveRecord.php(79): CActiveRecord->getMetaData()
#8 /var/www/mysite/protected/controllers/SiteController.php(106): CActiveRecord->__construct()
#9 /var/www/yii_framework/framework/web/actions/CInlineAction.php(49): SiteController->actionRegister()
#10 /var/www/yii_framework/framework/web/CController.php(308): CInlineAction->runWithParams(Array)
#11 /var/www/yii_framework/framework/web/CController.php(286): CController->runAction(Object(CInlineAction))
#12 /var/www/yii_framework/framework/web/CController.php(265): CController->runActionWithFilters(Object(CInlineAction), Array)
#13 /var/www/yii_framework/framework/web/CWebApplication.php(282): CController->run('register')
#14 /var/www/yii_framework/framework/web/CWebApplication.php(141): CWebApplication->runController('site/register')
#15 /var/www/yii_framework/framework/base/CApplication.php(185): CWebApplication->processRequest()
#16 /var/www/mysite/index.php(13): CApplication->run()
#17 {main}
REQUEST_URI=/index.php?r=site/register
---
2017/02/11 21:50:44 [error] [exception.CDbException] SQLSTATE[HY000] [1045] Access denied for user 'root'@'localhost' (using password: NO)
2017/02/11 21:50:44 [error] [exception.CDbException] CDbException: CDbConnection failed to open the DB connection. in /var/www/yii_framework/framework/db/CDbConnection.php:405
Stack trace:
#0 /var/www/yii_framework/framework/db/CDbConnection.php(347): CDbConnection->open()
#1 /var/www/yii_framework/framework/db/CDbConnection.php(325): CDbConnection->setActive(true)
#2 /var/www/yii_framework/framework/base/CModule.php(394): CDbConnection->init()
#3 /var/www/yii_framework/framework/base/CApplication.php(459): CModule->getComponent('db')
#4 /var/www/yii_framework/framework/db/ar/CActiveRecord.php(637): CApplication->getDb()
#5 /var/www/yii_framework/framework/db/ar/CActiveRecord.php(2386): CActiveRecord->getDbConnection()
#6 /var/www/yii_framework/framework/db/ar/CActiveRecord.php(411): CActiveRecordMetaData->__construct(Object(User))
#7 /var/www/yii_framework/framework/db/ar/CActiveRecord.php(79): CActiveRecord->getMetaData()
#8 /var/www/mysite/protected/controllers/SiteController.php(106): CActiveRecord->__construct()
#9 /var/www/yii_framework/framework/web/actions/CInlineAction.php(49): SiteController->actionRegister()
#10 /var/www/yii_framework/framework/web/CController.php(308): CInlineAction->runWithParams(Array)
#11 /var/www/yii_framework/framework/web/CController.php(286): CController->runAction(Object(CInlineAction))
#12 /var/www/yii_framework/framework/web/CController.php(265): CController->runActionWithFilters(Object(CInlineAction), Array)
#13 /var/www/yii_framework/framework/web/CWebApplication.php(282): CController->run('register')
#14 /var/www/yii_framework/framework/web/CWebApplication.php(141): CWebApplication->runController('site/register')
#15 /var/www/yii_framework/framework/base/CApplication.php(185): CWebApplication->processRequest()
#16 /var/www/mysite/index.php(13): CApplication->run()
#17 {main}
REQUEST_URI=/index.php?r=site/register
---
2017/02/11 21:54:04 [error] [exception.CDbException] SQLSTATE[HY000] [1045] Access denied for user 'root'@'localhost' (using password: NO)
2017/02/11 21:54:04 [error] [exception.CDbException] CDbException: CDbConnection failed to open the DB connection. in /var/www/yii_framework/framework/db/CDbConnection.php:405
Stack trace:
#0 /var/www/yii_framework/framework/db/CDbConnection.php(347): CDbConnection->open()
#1 /var/www/yii_framework/framework/db/CDbConnection.php(325): CDbConnection->setActive(true)
#2 /var/www/yii_framework/framework/base/CModule.php(394): CDbConnection->init()
#3 /var/www/yii_framework/framework/base/CApplication.php(459): CModule->getComponent('db')
#4 /var/www/yii_framework/framework/db/ar/CActiveRecord.php(637): CApplication->getDb()
#5 /var/www/yii_framework/framework/db/ar/CActiveRecord.php(2386): CActiveRecord->getDbConnection()
#6 /var/www/yii_framework/framework/db/ar/CActiveRecord.php(411): CActiveRecordMetaData->__construct(Object(User))
#7 /var/www/yii_framework/framework/db/ar/CActiveRecord.php(79): CActiveRecord->getMetaData()
#8 /var/www/mysite/protected/controllers/SiteController.php(106): CActiveRecord->__construct()
#9 /var/www/yii_framework/framework/web/actions/CInlineAction.php(49): SiteController->actionRegister()
#10 /var/www/yii_framework/framework/web/CController.php(308): CInlineAction->runWithParams(Array)
#11 /var/www/yii_framework/framework/web/CController.php(286): CController->runAction(Object(CInlineAction))
#12 /var/www/yii_framework/framework/web/CController.php(265): CController->runActionWithFilters(Object(CInlineAction), Array)
#13 /var/www/yii_framework/framework/web/CWebApplication.php(282): CController->run('register')
#14 /var/www/yii_framework/framework/web/CWebApplication.php(141): CWebApplication->runController('site/register')
#15 /var/www/yii_framework/framework/base/CApplication.php(185): CWebApplication->processRequest()
#16 /var/www/mysite/index.php(13): CApplication->run()
#17 {main}
REQUEST_URI=/index.php?r=site/register
---
2017/02/11 21:54:07 [error] [exception.CDbException] SQLSTATE[HY000] [1045] Access denied for user 'root'@'localhost' (using password: NO)
2017/02/11 21:54:07 [error] [exception.CDbException] CDbException: CDbConnection failed to open the DB connection. in /var/www/yii_framework/framework/db/CDbConnection.php:405
Stack trace:
#0 /var/www/yii_framework/framework/db/CDbConnection.php(347): CDbConnection->open()
#1 /var/www/yii_framework/framework/db/CDbConnection.php(325): CDbConnection->setActive(true)
#2 /var/www/yii_framework/framework/base/CModule.php(394): CDbConnection->init()
#3 /var/www/yii_framework/framework/base/CApplication.php(459): CModule->getComponent('db')
#4 /var/www/yii_framework/framework/db/ar/CActiveRecord.php(637): CApplication->getDb()
#5 /var/www/yii_framework/framework/db/ar/CActiveRecord.php(2386): CActiveRecord->getDbConnection()
#6 /var/www/yii_framework/framework/db/ar/CActiveRecord.php(411): CActiveRecordMetaData->__construct(Object(User))
#7 /var/www/yii_framework/framework/db/ar/CActiveRecord.php(79): CActiveRecord->getMetaData()
#8 /var/www/mysite/protected/controllers/SiteController.php(106): CActiveRecord->__construct()
#9 /var/www/yii_framework/framework/web/actions/CInlineAction.php(49): SiteController->actionRegister()
#10 /var/www/yii_framework/framework/web/CController.php(308): CInlineAction->runWithParams(Array)
#11 /var/www/yii_framework/framework/web/CController.php(286): CController->runAction(Object(CInlineAction))
#12 /var/www/yii_framework/framework/web/CController.php(265): CController->runActionWithFilters(Object(CInlineAction), Array)
#13 /var/www/yii_framework/framework/web/CWebApplication.php(282): CController->run('register')
#14 /var/www/yii_framework/framework/web/CWebApplication.php(141): CWebApplication->runController('site/register')
#15 /var/www/yii_framework/framework/base/CApplication.php(185): CWebApplication->processRequest()
#16 /var/www/mysite/index.php(13): CApplication->run()
#17 {main}
REQUEST_URI=/index.php?r=site/register
---
2017/02/11 21:54:09 [error] [exception.CDbException] SQLSTATE[HY000] [1045] Access denied for user 'root'@'localhost' (using password: NO)
2017/02/11 21:54:09 [error] [exception.CDbException] CDbException: CDbConnection failed to open the DB connection. in /var/www/yii_framework/framework/db/CDbConnection.php:405
Stack trace:
#0 /var/www/yii_framework/framework/db/CDbConnection.php(347): CDbConnection->open()
#1 /var/www/yii_framework/framework/db/CDbConnection.php(325): CDbConnection->setActive(true)
#2 /var/www/yii_framework/framework/base/CModule.php(394): CDbConnection->init()
#3 /var/www/yii_framework/framework/base/CApplication.php(459): CModule->getComponent('db')
#4 /var/www/yii_framework/framework/db/ar/CActiveRecord.php(637): CApplication->getDb()
#5 /var/www/yii_framework/framework/db/ar/CActiveRecord.php(2386): CActiveRecord->getDbConnection()
#6 /var/www/yii_framework/framework/db/ar/CActiveRecord.php(411): CActiveRecordMetaData->__construct(Object(User))
#7 /var/www/yii_framework/framework/db/ar/CActiveRecord.php(79): CActiveRecord->getMetaData()
#8 /var/www/mysite/protected/controllers/SiteController.php(106): CActiveRecord->__construct()
#9 /var/www/yii_framework/framework/web/actions/CInlineAction.php(49): SiteController->actionRegister()
#10 /var/www/yii_framework/framework/web/CController.php(308): CInlineAction->runWithParams(Array)
#11 /var/www/yii_framework/framework/web/CController.php(286): CController->runAction(Object(CInlineAction))
#12 /var/www/yii_framework/framework/web/CController.php(265): CController->runActionWithFilters(Object(CInlineAction), Array)
#13 /var/www/yii_framework/framework/web/CWebApplication.php(282): CController->run('register')
#14 /var/www/yii_framework/framework/web/CWebApplication.php(141): CWebApplication->runController('site/register')
#15 /var/www/yii_framework/framework/base/CApplication.php(185): CWebApplication->processRequest()
#16 /var/www/mysite/index.php(13): CApplication->run()
#17 {main}
REQUEST_URI=/index.php?r=site/register
---
2017/02/11 21:56:58 [error] [exception.CDbException] SQLSTATE[HY000] [1045] Access denied for user 'root'@'localhost' (using password: NO)
2017/02/11 21:56:58 [error] [exception.CDbException] CDbException: CDbConnection failed to open the DB connection. in /var/www/yii_framework/framework/db/CDbConnection.php:405
Stack trace:
#0 /var/www/yii_framework/framework/db/CDbConnection.php(347): CDbConnection->open()
#1 /var/www/yii_framework/framework/db/CDbConnection.php(325): CDbConnection->setActive(true)
#2 /var/www/yii_framework/framework/base/CModule.php(394): CDbConnection->init()
#3 /var/www/yii_framework/framework/base/CApplication.php(459): CModule->getComponent('db')
#4 /var/www/yii_framework/framework/db/ar/CActiveRecord.php(637): CApplication->getDb()
#5 /var/www/yii_framework/framework/db/ar/CActiveRecord.php(2386): CActiveRecord->getDbConnection()
#6 /var/www/yii_framework/framework/db/ar/CActiveRecord.php(411): CActiveRecordMetaData->__construct(Object(User))
#7 /var/www/yii_framework/framework/db/ar/CActiveRecord.php(79): CActiveRecord->getMetaData()
#8 /var/www/mysite/protected/controllers/SiteController.php(106): CActiveRecord->__construct()
#9 /var/www/yii_framework/framework/web/actions/CInlineAction.php(49): SiteController->actionRegister()
#10 /var/www/yii_framework/framework/web/CController.php(308): CInlineAction->runWithParams(Array)
#11 /var/www/yii_framework/framework/web/CController.php(286): CController->runAction(Object(CInlineAction))
#12 /var/www/yii_framework/framework/web/CController.php(265): CController->runActionWithFilters(Object(CInlineAction), Array)
#13 /var/www/yii_framework/framework/web/CWebApplication.php(282): CController->run('register')
#14 /var/www/yii_framework/framework/web/CWebApplication.php(141): CWebApplication->runController('site/register')
#15 /var/www/yii_framework/framework/base/CApplication.php(185): CWebApplication->processRequest()
#16 /var/www/mysite/index.php(13): CApplication->run()
#17 {main}
REQUEST_URI=/index.php?r=site/register
---
2017/02/11 22:40:20 [error] [exception.CDbException] CDbException: CDbConnection failed to open the DB connection: SQLSTATE[HY000] [1045] Access denied for user 'root'@'localhost' (using password: NO) in /var/www/yii_framework/framework/db/CDbConnection.php:399
Stack trace:
#0 /var/www/yii_framework/framework/db/CDbConnection.php(347): CDbConnection->open()
#1 /var/www/yii_framework/framework/db/CDbConnection.php(325): CDbConnection->setActive(true)
#2 /var/www/yii_framework/framework/base/CModule.php(394): CDbConnection->init()
#3 /var/www/yii_framework/framework/base/CApplication.php(459): CModule->getComponent('db')
#4 /var/www/yii_framework/framework/db/ar/CActiveRecord.php(637): CApplication->getDb()
#5 /var/www/yii_framework/framework/db/ar/CActiveRecord.php(2386): CActiveRecord->getDbConnection()
#6 /var/www/yii_framework/framework/db/ar/CActiveRecord.php(411): CActiveRecordMetaData->__construct(Object(User))
#7 /var/www/yii_framework/framework/db/ar/CActiveRecord.php(79): CActiveRecord->getMetaData()
#8 /var/www/mysite/protected/controllers/SiteController.php(106): CActiveRecord->__construct()
#9 /var/www/yii_framework/framework/web/actions/CInlineAction.php(49): SiteController->actionRegister()
#10 /var/www/yii_framework/framework/web/CController.php(308): CInlineAction->runWithParams(Array)
#11 /var/www/yii_framework/framework/web/CController.php(286): CController->runAction(Object(CInlineAction))
#12 /var/www/yii_framework/framework/web/CController.php(265): CController->runActionWithFilters(Object(CInlineAction), Array)
#13 /var/www/yii_framework/framework/web/CWebApplication.php(282): CController->run('register')
#14 /var/www/yii_framework/framework/web/CWebApplication.php(141): CWebApplication->runController('site/register')
#15 /var/www/yii_framework/framework/base/CApplication.php(185): CWebApplication->processRequest()
#16 /var/www/mysite/index.php(13): CApplication->run()
#17 {main}
REQUEST_URI=/index.php?r=site/register
---
2017/02/11 23:52:47 [error] [exception.CHttpException.404] CHttpException: Unable to resolve the request "app/register". in /var/www/yii_framework/framework/web/CWebApplication.php:286
Stack trace:
#0 /var/www/yii_framework/framework/web/CWebApplication.php(141): CWebApplication->runController('app/register')
#1 /var/www/yii_framework/framework/base/CApplication.php(185): CWebApplication->processRequest()
#2 /var/www/mysite/index.php(13): CApplication->run()
#3 {main}
REQUEST_URI=/index.php?r=app/register
---
2017/02/12 20:08:20 [error] [exception.CHttpException.404] CHttpException: The system is unable to find the requested action "page". in /var/www/yii_framework/framework/web/CController.php:483
Stack trace:
#0 /var/www/yii_framework/framework/web/CController.php(270): CController->missingAction('page')
#1 /var/www/yii_framework/framework/web/CWebApplication.php(282): CController->run('page')
#2 /var/www/yii_framework/framework/web/CWebApplication.php(141): CWebApplication->runController('api/page')
#3 /var/www/yii_framework/framework/base/CApplication.php(185): CWebApplication->processRequest()
#4 /var/www/mysite/index.php(13): CApplication->run()
#5 {main}
REQUEST_URI=/index.php?r=api/page&view=about
---
2017/02/12 20:08:26 [error] [exception.CHttpException.404] CHttpException: The system is unable to find the requested action "index". in /var/www/yii_framework/framework/web/CController.php:483
Stack trace:
#0 /var/www/yii_framework/framework/web/CController.php(270): CController->missingAction('')
#1 /var/www/yii_framework/framework/web/CWebApplication.php(282): CController->run('')
#2 /var/www/yii_framework/framework/web/CWebApplication.php(141): CWebApplication->runController('api')
#3 /var/www/yii_framework/framework/base/CApplication.php(185): CWebApplication->processRequest()
#4 /var/www/mysite/index.php(13): CApplication->run()
#5 {main}
REQUEST_URI=/index.php?r=api&view=about
---
2017/02/12 20:08:35 [error] [exception.CHttpException.404] CHttpException: The system is unable to find the requested action "page". in /var/www/yii_framework/framework/web/CController.php:483
Stack trace:
#0 /var/www/yii_framework/framework/web/CController.php(270): CController->missingAction('page')
#1 /var/www/yii_framework/framework/web/CWebApplication.php(282): CController->run('page')
#2 /var/www/yii_framework/framework/web/CWebApplication.php(141): CWebApplication->runController('api/page')
#3 /var/www/yii_framework/framework/base/CApplication.php(185): CWebApplication->processRequest()
#4 /var/www/mysite/index.php(13): CApplication->run()
#5 {main}
REQUEST_URI=/index.php?r=api/page&view=about
---
